0 info it worked if it ends with ok
1 verbose cli [ '/usr/bin/nodejs', '/usr/bin/npm', 'publish' ]
2 info using npm@3.8.6
3 info using node@v5.11.0
4 verbose publish [ '.' ]
5 silly cache add args [ '.', null ]
6 verbose cache add spec .
7 silly cache add parsed spec Result {
7 silly cache add   raw: '.',
7 silly cache add   scope: null,
7 silly cache add   name: null,
7 silly cache add   rawSpec: '.',
7 silly cache add   spec: '/var/www/html/gits/datajson',
7 silly cache add   type: 'directory' }
8 verbose addLocalDirectory /home/philippe/.npm/datajson/1.0.2/package.tgz not in flight; packing
9 verbose correctMkdir /home/philippe/.npm correctMkdir not in flight; initializing
10 info lifecycle datajson@1.0.2~prepublish: datajson@1.0.2
11 silly lifecycle datajson@1.0.2~prepublish: no script for prepublish, continuing
12 verbose tar pack [ '/home/philippe/.npm/datajson/1.0.2/package.tgz',
12 verbose tar pack   '/var/www/html/gits/datajson' ]
13 verbose tarball /home/philippe/.npm/datajson/1.0.2/package.tgz
14 verbose folder /var/www/html/gits/datajson
15 verbose addLocalTarball adding from inside cache /home/philippe/.npm/datajson/1.0.2/package.tgz
16 verbose correctMkdir /home/philippe/.npm correctMkdir not in flight; initializing
17 silly cache afterAdd datajson@1.0.2
18 verbose afterAdd /home/philippe/.npm/datajson/1.0.2/package/package.json not in flight; writing
19 verbose correctMkdir /home/philippe/.npm correctMkdir not in flight; initializing
20 verbose afterAdd /home/philippe/.npm/datajson/1.0.2/package/package.json written
21 silly publish { name: 'datajson',
21 silly publish   version: '1.0.2',
21 silly publish   description: 'Low-Level Data Manager in json file',
21 silly publish   main: 'datajson.js',
21 silly publish   repository:
21 silly publish    { type: 'git',
21 silly publish      url: 'git+https://github.com/PhilippeAssis/datafiles.git' },
21 silly publish   keywords:
21 silly publish    [ 'db',
21 silly publish      'json',
21 silly publish      'database',
21 silly publish      'data',
21 silly publish      'files',
21 silly publish      'write',
21 silly publish      'table',
21 silly publish      'row',
21 silly publish      'find',
21 silly publish      'like' ],
21 silly publish   author: { name: 'Philippe Assis', email: 'assis@philippeassis.com' },
21 silly publish   license: 'MIT',
21 silly publish   bugs: { url: 'https://github.com/PhilippeAssis/datafiles/issues' },
21 silly publish   homepage: 'https://github.com/PhilippeAssis/datafiles#readme',
21 silly publish   dependencies:
21 silly publish    { dateformat: '^1.0.12',
21 silly publish      fs: '0.0.2',
21 silly publish      merge: '^1.2.0',
21 silly publish      mkdirp: '^0.5.1',
21 silly publish      path: '^0.12.7',
21 silly publish      'recursive-readdir': '^2.0.0' },
21 silly publish   readme: '#Data json\nLow-Level Data Manager in json file\n',
21 silly publish   readmeFilename: 'readme.md',
21 silly publish   gitHead: '870b1bbcafb2c7ecfe1ab1555e82ea77debd312a',
21 silly publish   _id: 'datajson@1.0.2',
21 silly publish   scripts: {},
21 silly publish   _shasum: '6128ab08c9462f06dbc2030d118b0dc8d08b8413',
21 silly publish   _from: '.' }
22 verbose getPublishConfig undefined
23 silly mapToRegistry name datajson
24 silly mapToRegistry using default registry
25 silly mapToRegistry registry https://registry.npmjs.org/
26 silly mapToRegistry data Result {
26 silly mapToRegistry   raw: 'datajson',
26 silly mapToRegistry   scope: null,
26 silly mapToRegistry   name: 'datajson',
26 silly mapToRegistry   rawSpec: '',
26 silly mapToRegistry   spec: 'latest',
26 silly mapToRegistry   type: 'tag' }
27 silly mapToRegistry uri https://registry.npmjs.org/datajson
28 verbose publish registryBase https://registry.npmjs.org/
29 silly publish uploading /home/philippe/.npm/datajson/1.0.2/package.tgz
30 verbose request uri https://registry.npmjs.org/datajson
31 verbose request sending authorization for write operation
32 info attempt registry request try #1 at 14:56:41
33 verbose request using bearer token for auth
34 verbose request id f7f41dd03c2049c1
35 http request PUT https://registry.npmjs.org/datajson
36 http 403 https://registry.npmjs.org/datajson
37 verbose headers { 'content-type': 'application/json',
37 verbose headers   'cache-control': 'max-age=300',
37 verbose headers   'content-length': '95',
37 verbose headers   'accept-ranges': 'bytes',
37 verbose headers   date: 'Sun, 01 May 2016 17:56:42 GMT',
37 verbose headers   via: '1.1 varnish',
37 verbose headers   connection: 'keep-alive',
37 verbose headers   'x-served-by': 'cache-jfk1042-JFK',
37 verbose headers   'x-cache': 'MISS',
37 verbose headers   'x-cache-hits': '0',
37 verbose headers   'x-timer': 'S1462125402.366266,VS0,VE608',
37 verbose headers   vary: 'Accept-Encoding' }
38 verbose request invalidating /home/philippe/.npm/registry.npmjs.org/datajson on PUT
39 error publish Failed PUT 403
40 verbose stack Error: "You cannot publish over the previously published version 1.0.2." : datajson
40 verbose stack     at makeError (/usr/lib/node_modules/npm/node_modules/npm-registry-client/lib/request.js:264:12)
40 verbose stack     at CachingRegistryClient.<anonymous> (/usr/lib/node_modules/npm/node_modules/npm-registry-client/lib/request.js:252:14)
40 verbose stack     at Request._callback (/usr/lib/node_modules/npm/node_modules/npm-registry-client/lib/request.js:172:14)
40 verbose stack     at Request.self.callback (/usr/lib/node_modules/npm/node_modules/request/request.js:199:22)
40 verbose stack     at emitTwo (events.js:100:13)
40 verbose stack     at Request.emit (events.js:185:7)
40 verbose stack     at Request.<anonymous> (/usr/lib/node_modules/npm/node_modules/request/request.js:1036:10)
40 verbose stack     at emitOne (events.js:95:20)
40 verbose stack     at Request.emit (events.js:182:7)
40 verbose stack     at IncomingMessage.<anonymous> (/usr/lib/node_modules/npm/node_modules/request/request.js:963:12)
41 verbose statusCode 403
42 verbose pkgid datajson
43 verbose cwd /var/www/html/gits/datajson
44 error Linux 4.4.0-21-generic
45 error argv "/usr/bin/nodejs" "/usr/bin/npm" "publish"
46 error node v5.11.0
47 error npm  v3.8.6
48 error code E403
49 error "You cannot publish over the previously published version 1.0.2." : datajson
50 error If you need help, you may report this error at:
50 error     <https://github.com/npm/npm/issues>
51 verbose exit [ 1, true ]
